<?xml version="1.0" encoding="UTF-8"?>
<!-- Generated by org.testng.reporters.JUnitReportReporter -->
<testsuite hostname="DESKTOP-KQB8Q5E" failures="0" tests="1" name="POMPackage.Scrollup" time="9.205" errors="0" timestamp="2022-11-12T17:27:03 IST" skipped="0">
  <testcase classname="POMPackage.Scrollup" name="scrollup" time="9.205"/>
  <system-out/>
</testsuite> <!-- POMPackage.Scrollup -->
