<?xml version="1.0" encoding="UTF-8"?>
<!-- Generated by org.testng.reporters.JUnitReportReporter -->
<testsuite hostname="DESKTOP-KQB8Q5E" failures="0" tests="1" name="POMPackage.ScrollDown" time="37.992" errors="0" timestamp="2022-11-06T20:15:09 IST" skipped="0">
  <testcase classname="POMPackage.ScrollDown" name="ScrollDown" time="37.992"/>
  <system-out/>
</testsuite> <!-- POMPackage.ScrollDown -->
