<?xml version="1.0" encoding="UTF-8"?>
<!-- Generated by org.testng.reporters.JUnitReportReporter -->
<testsuite hostname="DESKTOP-KQB8Q5E" failures="0" tests="3" name="POMPackage.TestClass1" time="4.037" errors="0" timestamp="2022-11-06T12:37:00 IST" skipped="0">
  <testcase classname="POMPackage.TestClass1" name="Logout" time="0.003"/>
  <system-out>
    <![CDATA[Running Test Case2]]>
  </system-out>
  <testcase classname="POMPackage.TestClass1" name="Login1" time="0.002"/>
  <system-out>
    <![CDATA[Running Test Case3]]>
  </system-out>
  <testcase classname="POMPackage.TestClass1" name="Login" time="4.032"/>
  <system-out>
    <![CDATA[Running Test Case1 ]]>
  </system-out>
</testsuite> <!-- POMPackage.TestClass1 -->
